[36mINFO   [0m[2025-10-16 17:14:03] ---------------------------------------------------------- 
[36mINFO   [0m[2025-10-16 17:14:03] 🟢 Log started at Thu, 16 Oct 2025 17:14:03 +08 
[36mINFO   [0m[2025-10-16 17:14:03] ---------------------------------------------------------- 
[36mINFO   [0m[2025-10-16 17:14:03] ✅ Database initialized and schema verified.  
[36mINFO   [0m[2025-10-16 17:14:03] 🌐 Navigating to https://www.bursamalaysia.com/market_information/announcements/company_announcement 
[36mINFO   [0m[2025-10-16 17:16:43] ✅ Page loaded successfully, parsing announcements... 
[33mWARNING[0m[2025-10-16 17:16:43] ⚠️ No announcements found on the page. Exiting. 
[36mINFO   [0m[2025-10-16 17:21:13] ---------------------------------------------------------- 
[36mINFO   [0m[2025-10-16 17:21:13] 🟢 Log started at Thu, 16 Oct 2025 17:21:13 +08 
[36mINFO   [0m[2025-10-16 17:21:13] ---------------------------------------------------------- 
[36mINFO   [0m[2025-10-16 17:21:13] 🔧 Config loaded: {StartURL:https://www.bursamalaysia.com/market_information/announcements/company_announcement DetailURL:https://www.bursamalaysia.com/market_information/announcements/company_announcement/announcement_details?ann_id= DBPath:bursa.db UserAgent:Mozilla/5.0 (Windows NT 10.0; Win64; x64) AppleWebKit/537.36 (KHTML, like Gecko) Chrome/114.0.0.0 Safari/537.36 LogLevel:info} 
[31mFATAL  [0m[2025-10-16 17:21:13] ❌ Failed to setup DB: sql: unknown driver "sqlite3" (forgotten import?) 
[36mINFO   [0m[2025-10-16 17:21:48] ---------------------------------------------------------- 
[36mINFO   [0m[2025-10-16 17:21:48] 🟢 Log started at Thu, 16 Oct 2025 17:21:48 +08 
[36mINFO   [0m[2025-10-16 17:21:48] ---------------------------------------------------------- 
[31mFATAL  [0m[2025-10-16 17:21:48] ❌ Failed to setup DB: sql: unknown driver "sqlite3" (forgotten import?) 
[36mINFO   [0m[2025-10-16 17:23:41] ---------------------------------------------------------- 
[36mINFO   [0m[2025-10-16 17:23:41] 🟢 Log started at Thu, 16 Oct 2025 17:23:41 +08 
[36mINFO   [0m[2025-10-16 17:23:41] ---------------------------------------------------------- 
[36mINFO   [0m[2025-10-16 17:23:41] ✅ Database initialized and schema verified.  
[36mINFO   [0m[2025-10-16 17:23:41] 🌐 Navigating to https://www.bursamalaysia.com/market_information/announcements/company_announcement 
[36mINFO   [0m[2025-10-16 17:23:45] ✅ Page loaded successfully, parsing announcements... 
[33mWARNING[0m[2025-10-16 17:23:46] ⚠️ No announcements found. Exiting.          
